<?xml version="1.0" encoding="utf-8"?><testsuites name="pytest tests"><testsuite name="pytest" errors="0" failures="0" skipped="0" tests="13" time="3.076" timestamp="2026-03-05T08:59:21.541788+00:00" hostname="agent-env-3e6033c9-f8fc-42f5-985b-26a6f150825a"><testcase classname="backend.tests.test_google_calendar_email_templates.TestAuthentication" name="test_login_success" time="0.844" /><testcase classname="backend.tests.test_google_calendar_email_templates.TestIntegrationSettings" name="test_get_integrations_settings" time="0.105" /><testcase classname="backend.tests.test_google_calendar_email_templates.TestIntegrationSettings" name="test_put_integrations_google_credentials" time="0.213" /><testcase classname="backend.tests.test_google_calendar_email_templates.TestGoogleOAuthLogin" name="test_google_oauth_login_without_credentials" time="0.208" /><testcase classname="backend.tests.test_google_calendar_email_templates.TestGoogleOAuthLogin" name="test_google_oauth_login_with_credentials" time="0.169" /><testcase classname="backend.tests.test_google_calendar_email_templates.TestGoogleOAuthDisconnect" name="test_google_disconnect" time="0.149" /><testcase classname="backend.tests.test_google_calendar_email_templates.TestEmailTemplates" name="test_get_email_templates_list" time="0.103" /><testcase classname="backend.tests.test_google_calendar_email_templates.TestEmailTemplates" name="test_create_email_template_with_json_content" time="0.110" /><testcase classname="backend.tests.test_google_calendar_email_templates.TestEmailTemplates" name="test_get_single_email_template" time="0.160" /><testcase classname="backend.tests.test_google_calendar_email_templates.TestEmailTemplates" name="test_update_email_template" time="0.207" /><testcase classname="backend.tests.test_google_calendar_email_templates.TestEmailTemplates" name="test_delete_email_template" time="0.224" /><testcase classname="backend.tests.test_google_calendar_email_templates.TestEmailTemplateEdgeCases" name="test_get_nonexistent_template" time="0.104" /><testcase classname="backend.tests.test_google_calendar_email_templates.TestEmailTemplateEdgeCases" name="test_update_nonexistent_template" time="0.391" /></testsuite></testsuites>