<?xml version="1.0" encoding="utf-8"?><testsuites name="pytest tests"><testsuite name="pytest" errors="0" failures="0" skipped="0" tests="12" time="6.286" timestamp="2026-03-05T03:27:30.093402+00:00" hostname="agent-env-3e6033c9-f8fc-42f5-985b-26a6f150825a"><testcase classname="backend.tests.test_import_leads.TestAuthentication" name="test_login_success" time="0.386" /><testcase classname="backend.tests.test_import_leads.TestImportFields" name="test_get_import_fields" time="0.459" /><testcase classname="backend.tests.test_import_leads.TestImportUpload" name="test_upload_csv_file" time="0.465" /><testcase classname="backend.tests.test_import_leads.TestImportUpload" name="test_upload_invalid_file_type" time="0.451" /><testcase classname="backend.tests.test_import_leads.TestImportUpload" name="test_upload_requires_auth" time="0.127" /><testcase classname="backend.tests.test_import_leads.TestImportPreview" name="test_preview_with_mapping" time="0.617" /><testcase classname="backend.tests.test_import_leads.TestImportPreview" name="test_preview_invalid_job_id" time="0.435" /><testcase classname="backend.tests.test_import_leads.TestImportExecute" name="test_execute_import" time="0.693" /><testcase classname="backend.tests.test_import_leads.TestImportExecute" name="test_execute_with_duplicates" time="0.802" /><testcase classname="backend.tests.test_import_leads.TestImportJobHistory" name="test_get_import_jobs" time="0.442" /><testcase classname="backend.tests.test_import_leads.TestImportJobHistory" name="test_get_import_template" time="0.455" /><testcase classname="backend.tests.test_import_leads.TestImportEndToEnd" name="test_full_import_flow" time="0.900" /></testsuite></testsuites>