<?xml version="1.0" encoding="utf-8"?><testsuites name="pytest tests"><testsuite name="pytest" errors="0" failures="0" skipped="0" tests="19" time="11.479" timestamp="2026-02-13T16:51:49.553264+00:00" hostname="agent-env-35b99c94-b121-48d0-b2a8-81738b535e6f"><testcase classname="backend.tests.test_leadvibes_crm.TestAuth" name="test_health_check" time="0.203" /><testcase classname="backend.tests.test_leadvibes_crm.TestAuth" name="test_login_individual_user" time="0.499" /><testcase classname="backend.tests.test_leadvibes_crm.TestAuth" name="test_register_agency_user" time="0.640" /><testcase classname="backend.tests.test_leadvibes_crm.TestAuth" name="test_login_invalid_credentials" time="0.197" /><testcase classname="backend.tests.test_leadvibes_crm.TestDashboard" name="test_dashboard_stats" time="0.642" /><testcase classname="backend.tests.test_leadvibes_crm.TestDashboard" name="test_leaderboard" time="0.568" /><testcase classname="backend.tests.test_leadvibes_crm.TestDashboard" name="test_recent_activity" time="0.527" /><testcase classname="backend.tests.test_leadvibes_crm.TestLeadsPipeline" name="test_get_leads" time="0.523" /><testcase classname="backend.tests.test_leadvibes_crm.TestLeadsPipeline" name="test_create_lead" time="0.569" /><testcase classname="backend.tests.test_leadvibes_crm.TestLeadsPipeline" name="test_update_lead_status" time="1.081" /><testcase classname="backend.tests.test_leadvibes_crm.TestLeadsPipeline" name="test_get_single_lead" time="0.644" /><testcase classname="backend.tests.test_leadvibes_crm.TestCalendar" name="test_get_calendar_events" time="0.576" /><testcase classname="backend.tests.test_leadvibes_crm.TestCalendar" name="test_create_calendar_event" time="0.553" /><testcase classname="backend.tests.test_leadvibes_crm.TestCalendar" name="test_complete_calendar_event" time="0.721" /><testcase classname="backend.tests.test_leadvibes_crm.TestCalendar" name="test_delete_calendar_event" time="0.669" /><testcase classname="backend.tests.test_leadvibes_crm.TestCalendar" name="test_get_today_events" time="0.544" /><testcase classname="backend.tests.test_leadvibes_crm.TestGamification" name="test_get_gamification_rules" time="1.045" /><testcase classname="backend.tests.test_leadvibes_crm.TestBrokers" name="test_get_brokers" time="0.600" /><testcase classname="backend.tests.test_leadvibes_crm.TestScripts" name="test_get_scripts" time="0.483" /></testsuite></testsuites>